# JRE version: Java(TM) SE Runtime Environment (8.0_231-b11) (build 1.8.0_231-b11)
# Java VM: Java HotSpot(TM) 64-Bit Server VM (25.231-b11 mixed mode windows-amd64 compressed oops)
Heap:
 PSYoungGen      total 205824K, used 62838K [0x00000000e0980000, 0x00000000ef100000, 0x0000000100000000)
  eden space 184320K, 22% used [0x00000000e0980000,0x00000000e31dde88,0x00000000ebd80000)
  from space 21504K, 99% used [0x00000000edc00000,0x00000000ef0ffd48,0x00000000ef100000)
  to   space 15360K, 0% used [0x00000000ebd80000,0x00000000ebd80000,0x00000000ecc80000)
 ParOldGen       total 99840K, used 50460K [0x00000000a1c00000, 0x00000000a7d80000, 0x00000000e0980000)
  object space 99840K, 50% used [0x00000000a1c00000,0x00000000a4d470f8,0x00000000a7d80000)
 Metaspace       used 44079K, capacity 45488K, committed 45656K, reserved 1089536K
  class space    used 5157K, capacity 5485K, committed 5504K, reserved 1048576K
GC Heap History (10 events):
Event: 3.297 GC heap before
{Heap before GC invocations=8 (full 1):
 PSYoungGen      total 106496K, used 9062K [0x00000000e0980000, 0x00000000edb80000, 0x0000000100000000)
  eden space 96256K, 0% used [0x00000000e0980000,0x00000000e0980000,0x00000000e6780000)
  from space 10240K, 88% used [0x00000000e6780000,0x00000000e7059bd8,0x00000000e7180000)
  to   space 11264K, 0% used [0x00000000ed080000,0x00000000ed080000,0x00000000edb80000)
 ParOldGen       total 65536K, used 13662K [0x00000000a1c00000, 0x00000000a5c00000, 0x00000000e0980000)
  object space 65536K, 20% used [0x00000000a1c00000,0x00000000a2957938,0x00000000a5c00000)
 Metaspace       used 20629K, capacity 21176K, committed 21248K, reserved 1069056K
  class space    used 2386K, capacity 2540K, committed 2560K, reserved 1048576K
Event: 3.394 GC heap after
Heap after GC invocations=8 (full 1):
 PSYoungGen      total 106496K, used 0K [0x00000000e0980000, 0x00000000edb80000, 0x0000000100000000)
  eden space 96256K, 0% used [0x00000000e0980000,0x00000000e0980000,0x00000000e6780000)
  from space 10240K, 0% used [0x00000000e6780000,0x00000000e6780000,0x00000000e7180000)
  to   space 11264K, 0% used [0x00000000ed080000,0x00000000ed080000,0x00000000edb80000)
 ParOldGen       total 60928K, used 21121K [0x00000000a1c00000, 0x00000000a5780000, 0x00000000e0980000)
  object space 60928K, 34% used [0x00000000a1c00000,0x00000000a30a0758,0x00000000a5780000)
 Metaspace       used 20629K, capacity 21176K, committed 21248K, reserved 1069056K
  class space    used 2386K, capacity 2540K, committed 2560K, reserved 1048576K
}
Event: 3.876 GC heap before
{Heap before GC invocations=9 (full 1):
 PSYoungGen      total 106496K, used 96256K [0x00000000e0980000, 0x00000000edb80000, 0x0000000100000000)
  eden space 96256K, 100% used [0x00000000e0980000,0x00000000e6780000,0x00000000e6780000)
  from space 10240K, 0% used [0x00000000e6780000,0x00000000e6780000,0x00000000e7180000)
  to   space 11264K, 0% used [0x00000000ed080000,0x00000000ed080000,0x00000000edb80000)
 ParOldGen       total 60928K, used 21121K [0x00000000a1c00000, 0x00000000a5780000, 0x00000000e0980000)
  object space 60928K, 34% used [0x00000000a1c00000,0x00000000a30a0758,0x00000000a5780000)
 Metaspace       used 22580K, capacity 23208K, committed 23296K, reserved 1069056K
  class space    used 2599K, capacity 2759K, committed 2816K, reserved 1048576K
Event: 3.897 GC heap after
Heap after GC invocations=9 (full 1):
 PSYoungGen      total 161280K, used 11232K [0x00000000e0980000, 0x00000000edb80000, 0x0000000100000000)
  eden space 150016K, 0% used [0x00000000e0980000,0x00000000e0980000,0x00000000e9c00000)
  from space 11264K, 99% used [0x00000000ed080000,0x00000000edb782f0,0x00000000edb80000)
  to   space 15360K, 0% used [0x00000000ebd80000,0x00000000ebd80000,0x00000000ecc80000)
 ParOldGen       total 60928K, used 27214K [0x00000000a1c00000, 0x00000000a5780000, 0x00000000e0980000)
  object space 60928K, 44% used [0x00000000a1c00000,0x00000000a3693bd0,0x00000000a5780000)
 Metaspace       used 22580K, capacity 23208K, committed 23296K, reserved 1069056K
  class space    used 2599K, capacity 2759K, committed 2816K, reserved 1048576K
}
Event: 21.759 GC heap before
{Heap before GC invocations=10 (full 1):
 PSYoungGen      total 161280K, used 160171K [0x00000000e0980000, 0x00000000edb80000, 0x0000000100000000)
  eden space 150016K, 99% used [0x00000000e0980000,0x00000000e9af2c50,0x00000000e9c00000)
  from space 11264K, 99% used [0x00000000ed080000,0x00000000edb782f0,0x00000000edb80000)
  to   space 15360K, 0% used [0x00000000ebd80000,0x00000000ebd80000,0x00000000ecc80000)
 ParOldGen       total 60928K, used 27214K [0x00000000a1c00000, 0x00000000a5780000, 0x00000000e0980000)
  object space 60928K, 44% used [0x00000000a1c00000,0x00000000a3693bd0,0x00000000a5780000)
 Metaspace       used 34189K, capacity 35314K, committed 35416K, reserved 1081344K
  class space    used 4139K, capacity 4423K, committed 4480K, reserved 1048576K
Event: 21.791 GC heap after
Heap after GC invocations=10 (full 1):
 PSYoungGen      total 199680K, used 15354K [0x00000000e0980000, 0x00000000ef100000, 0x0000000100000000)
  eden space 184320K, 0% used [0x00000000e0980000,0x00000000e0980000,0x00000000ebd80000)
  from space 15360K, 99% used [0x00000000ebd80000,0x00000000ecc7ea78,0x00000000ecc80000)
  to   space 21504K, 0% used [0x00000000edc00000,0x00000000edc00000,0x00000000ef100000)
 ParOldGen       total 60928K, used 38034K [0x00000000a1c00000, 0x00000000a5780000, 0x00000000e0980000)
  object space 60928K, 62% used [0x00000000a1c00000,0x00000000a41249f0,0x00000000a5780000)
 Metaspace       used 34189K, capacity 35314K, committed 35416K, reserved 1081344K
  class space    used 4139K, capacity 4423K, committed 4480K, reserved 1048576K
}
Event: 21.791 GC heap before
{Heap before GC invocations=11 (full 2):
 PSYoungGen      total 199680K, used 15354K [0x00000000e0980000, 0x00000000ef100000, 0x0000000100000000)
  eden space 184320K, 0% used [0x00000000e0980000,0x00000000e0980000,0x00000000ebd80000)
  from space 15360K, 99% used [0x00000000ebd80000,0x00000000ecc7ea78,0x00000000ecc80000)
  to   space 21504K, 0% used [0x00000000edc00000,0x00000000edc00000,0x00000000ef100000)
 ParOldGen       total 60928K, used 38034K [0x00000000a1c00000, 0x00000000a5780000, 0x00000000e0980000)
  object space 60928K, 62% used [0x00000000a1c00000,0x00000000a41249f0,0x00000000a5780000)
 Metaspace       used 34189K, capacity 35314K, committed 35416K, reserved 1081344K
  class space    used 4139K, capacity 4423K, committed 4480K, reserved 1048576K
Event: 21.925 GC heap after
Heap after GC invocations=11 (full 2):
 PSYoungGen      total 199680K, used 0K [0x00000000e0980000, 0x00000000ef100000, 0x0000000100000000)
  eden space 184320K, 0% used [0x00000000e0980000,0x00000000e0980000,0x00000000ebd80000)
  from space 15360K, 0% used [0x00000000ebd80000,0x00000000ebd80000,0x00000000ecc80000)
  to   space 21504K, 0% used [0x00000000edc00000,0x00000000edc00000,0x00000000ef100000)
 ParOldGen       total 99840K, used 41068K [0x00000000a1c00000, 0x00000000a7d80000, 0x00000000e0980000)
  object space 99840K, 41% used [0x00000000a1c00000,0x00000000a441b228,0x00000000a7d80000)
 Metaspace       used 34185K, capacity 35302K, committed 35416K, reserved 1081344K
  class space    used 4138K, capacity 4421K, committed 4480K, reserved 1048576K
}
Event: 390.604 GC heap before
{Heap before GC invocations=12 (full 2):
 PSYoungGen      total 199680K, used 184320K [0x00000000e0980000, 0x00000000ef100000, 0x0000000100000000)
  eden space 184320K, 100% used [0x00000000e0980000,0x00000000ebd80000,0x00000000ebd80000)
  from space 15360K, 0% used [0x00000000ebd80000,0x00000000ebd80000,0x00000000ecc80000)
  to   space 21504K, 0% used [0x00000000edc00000,0x00000000edc00000,0x00000000ef100000)
 ParOldGen       total 99840K, used 41068K [0x00000000a1c00000, 0x00000000a7d80000, 0x00000000e0980000)
  object space 99840K, 41% used [0x00000000a1c00000,0x00000000a441b228,0x00000000a7d80000)
 Metaspace       used 39776K, capacity 40980K, committed 41304K, reserved 1085440K
  class space    used 4600K, capacity 4896K, committed 4992K, reserved 1048576K
Event: 390.933 GC heap after
Heap after GC invocations=12 (full 2):
 PSYoungGen      total 205824K, used 21503K [0x00000000e0980000, 0x00000000ef100000, 0x0000000100000000)
  eden space 184320K, 0% used [0x00000000e0980000,0x00000000e0980000,0x00000000ebd80000)
  from space 21504K, 99% used [0x00000000edc00000,0x00000000ef0ffd48,0x00000000ef100000)
  to   space 15360K, 0% used [0x00000000ebd80000,0x00000000ebd80000,0x00000000ecc80000)
 ParOldGen       total 99840K, used 50460K [0x00000000a1c00000, 0x00000000a7d80000, 0x00000000e0980000)
  object space 99840K, 50% used [0x00000000a1c00000,0x00000000a4d470f8,0x00000000a7d80000)
 Metaspace       used 39776K, capacity 40980K, committed 41304K, reserved 1085440K
  class space    used 4600K, capacity 4896K, committed 4992K, reserved 1048576K
}

