# JRE version: Java(TM) SE Runtime Environment (8.0_231-b11) (build 1.8.0_231-b11)
# Java VM: Java HotSpot(TM) 64-Bit Server VM (25.231-b11 mixed mode windows-amd64 compressed oops)
Heap:
 PSYoungGen      total 207360K, used 35236K [0x00000000e0980000, 0x00000000ef280000, 0x0000000100000000)
  eden space 183296K, 19% used [0x00000000e0980000,0x00000000e2be92e8,0x00000000ebc80000)
  from space 24064K, 0% used [0x00000000edb00000,0x00000000edb00000,0x00000000ef280000)
  to   space 15360K, 0% used [0x00000000ebc80000,0x00000000ebc80000,0x00000000ecb80000)
 ParOldGen       total 108032K, used 42278K [0x00000000a1c00000, 0x00000000a8580000, 0x00000000e0980000)
  object space 108032K, 39% used [0x00000000a1c00000,0x00000000a4549b70,0x00000000a8580000)
 Metaspace       used 36703K, capacity 37870K, committed 38144K, reserved 1083392K
  class space    used 4491K, capacity 4759K, committed 4864K, reserved 1048576K
GC Heap History (10 events):
Event: 1.874 GC heap before
{Heap before GC invocations=8 (full 1):
 PSYoungGen      total 106496K, used 8439K [0x00000000e0980000, 0x00000000eda80000, 0x0000000100000000)
  eden space 95744K, 0% used [0x00000000e0980000,0x00000000e0980000,0x00000000e6700000)
  from space 10752K, 78% used [0x00000000e6700000,0x00000000e6f3dc08,0x00000000e7180000)
  to   space 11264K, 0% used [0x00000000ecf80000,0x00000000ecf80000,0x00000000eda80000)
 ParOldGen       total 65536K, used 14696K [0x00000000a1c00000, 0x00000000a5c00000, 0x00000000e0980000)
  object space 65536K, 22% used [0x00000000a1c00000,0x00000000a2a5a340,0x00000000a5c00000)
 Metaspace       used 20632K, capacity 21200K, committed 21248K, reserved 1069056K
  class space    used 2388K, capacity 2544K, committed 2560K, reserved 1048576K
Event: 1.955 GC heap after
Heap after GC invocations=8 (full 1):
 PSYoungGen      total 106496K, used 0K [0x00000000e0980000, 0x00000000eda80000, 0x0000000100000000)
  eden space 95744K, 0% used [0x00000000e0980000,0x00000000e0980000,0x00000000e6700000)
  from space 10752K, 0% used [0x00000000e6700000,0x00000000e6700000,0x00000000e7180000)
  to   space 11264K, 0% used [0x00000000ecf80000,0x00000000ecf80000,0x00000000eda80000)
 ParOldGen       total 61952K, used 20446K [0x00000000a1c00000, 0x00000000a5880000, 0x00000000e0980000)
  object space 61952K, 33% used [0x00000000a1c00000,0x00000000a2ff7810,0x00000000a5880000)
 Metaspace       used 20632K, capacity 21200K, committed 21248K, reserved 1069056K
  class space    used 2388K, capacity 2544K, committed 2560K, reserved 1048576K
}
Event: 2.315 GC heap before
{Heap before GC invocations=9 (full 1):
 PSYoungGen      total 106496K, used 95744K [0x00000000e0980000, 0x00000000eda80000, 0x0000000100000000)
  eden space 95744K, 100% used [0x00000000e0980000,0x00000000e6700000,0x00000000e6700000)
  from space 10752K, 0% used [0x00000000e6700000,0x00000000e6700000,0x00000000e7180000)
  to   space 11264K, 0% used [0x00000000ecf80000,0x00000000ecf80000,0x00000000eda80000)
 ParOldGen       total 61952K, used 20454K [0x00000000a1c00000, 0x00000000a5880000, 0x00000000e0980000)
  object space 61952K, 33% used [0x00000000a1c00000,0x00000000a2ff9820,0x00000000a5880000)
 Metaspace       used 22587K, capacity 23232K, committed 23296K, reserved 1069056K
  class space    used 2602K, capacity 2763K, committed 2816K, reserved 1048576K
Event: 2.327 GC heap after
Heap after GC invocations=9 (full 1):
 PSYoungGen      total 151552K, used 11253K [0x00000000e0980000, 0x00000000eda80000, 0x0000000100000000)
  eden space 140288K, 0% used [0x00000000e0980000,0x00000000e0980000,0x00000000e9280000)
  from space 11264K, 99% used [0x00000000ecf80000,0x00000000eda7d678,0x00000000eda80000)
  to   space 15360K, 0% used [0x00000000ebc80000,0x00000000ebc80000,0x00000000ecb80000)
 ParOldGen       total 61952K, used 26348K [0x00000000a1c00000, 0x00000000a5880000, 0x00000000e0980000)
  object space 61952K, 42% used [0x00000000a1c00000,0x00000000a35bb0f0,0x00000000a5880000)
 Metaspace       used 22587K, capacity 23232K, committed 23296K, reserved 1069056K
  class space    used 2602K, capacity 2763K, committed 2816K, reserved 1048576K
}
Event: 2.498 GC heap before
{Heap before GC invocations=10 (full 1):
 PSYoungGen      total 151552K, used 151541K [0x00000000e0980000, 0x00000000eda80000, 0x0000000100000000)
  eden space 140288K, 100% used [0x00000000e0980000,0x00000000e9280000,0x00000000e9280000)
  from space 11264K, 99% used [0x00000000ecf80000,0x00000000eda7d678,0x00000000eda80000)
  to   space 15360K, 0% used [0x00000000ebc80000,0x00000000ebc80000,0x00000000ecb80000)
 ParOldGen       total 61952K, used 26400K [0x00000000a1c00000, 0x00000000a5880000, 0x00000000e0980000)
  object space 61952K, 42% used [0x00000000a1c00000,0x00000000a35c81d0,0x00000000a5880000)
 Metaspace       used 22596K, capacity 23232K, committed 23296K, reserved 1069056K
  class space    used 2602K, capacity 2763K, committed 2816K, reserved 1048576K
Event: 2.523 GC heap after
Heap after GC invocations=10 (full 1):
 PSYoungGen      total 198656K, used 15328K [0x00000000e0980000, 0x00000000ef280000, 0x0000000100000000)
  eden space 183296K, 0% used [0x00000000e0980000,0x00000000e0980000,0x00000000ebc80000)
  from space 15360K, 99% used [0x00000000ebc80000,0x00000000ecb78338,0x00000000ecb80000)
  to   space 24064K, 0% used [0x00000000edb00000,0x00000000edb00000,0x00000000ef280000)
 ParOldGen       total 61952K, used 42504K [0x00000000a1c00000, 0x00000000a5880000, 0x00000000e0980000)
  object space 61952K, 68% used [0x00000000a1c00000,0x00000000a4582120,0x00000000a5880000)
 Metaspace       used 22596K, capacity 23232K, committed 23296K, reserved 1069056K
  class space    used 2602K, capacity 2763K, committed 2816K, reserved 1048576K
}
Event: 3.680 GC heap before
{Heap before GC invocations=11 (full 1):
 PSYoungGen      total 198656K, used 125124K [0x00000000e0980000, 0x00000000ef280000, 0x0000000100000000)
  eden space 183296K, 59% used [0x00000000e0980000,0x00000000e74b8f40,0x00000000ebc80000)
  from space 15360K, 99% used [0x00000000ebc80000,0x00000000ecb78338,0x00000000ecb80000)
  to   space 24064K, 0% used [0x00000000edb00000,0x00000000edb00000,0x00000000ef280000)
 ParOldGen       total 61952K, used 42504K [0x00000000a1c00000, 0x00000000a5880000, 0x00000000e0980000)
  object space 61952K, 68% used [0x00000000a1c00000,0x00000000a4582120,0x00000000a5880000)
 Metaspace       used 34258K, capacity 35332K, committed 35416K, reserved 1081344K
  class space    used 4071K, capacity 4316K, committed 4352K, reserved 1048576K
Event: 3.701 GC heap after
Heap after GC invocations=11 (full 1):
 PSYoungGen      total 207360K, used 22356K [0x00000000e0980000, 0x00000000ef280000, 0x0000000100000000)
  eden space 183296K, 0% used [0x00000000e0980000,0x00000000e0980000,0x00000000ebc80000)
  from space 24064K, 92% used [0x00000000edb00000,0x00000000ef0d53c8,0x00000000ef280000)
  to   space 15360K, 0% used [0x00000000ebc80000,0x00000000ebc80000,0x00000000ecb80000)
 ParOldGen       total 61952K, used 47257K [0x00000000a1c00000, 0x00000000a5880000, 0x00000000e0980000)
  object space 61952K, 76% used [0x00000000a1c00000,0x00000000a4a26400,0x00000000a5880000)
 Metaspace       used 34258K, capacity 35332K, committed 35416K, reserved 1081344K
  class space    used 4071K, capacity 4316K, committed 4352K, reserved 1048576K
}
Event: 3.701 GC heap before
{Heap before GC invocations=12 (full 2):
 PSYoungGen      total 207360K, used 22356K [0x00000000e0980000, 0x00000000ef280000, 0x0000000100000000)
  eden space 183296K, 0% used [0x00000000e0980000,0x00000000e0980000,0x00000000ebc80000)
  from space 24064K, 92% used [0x00000000edb00000,0x00000000ef0d53c8,0x00000000ef280000)
  to   space 15360K, 0% used [0x00000000ebc80000,0x00000000ebc80000,0x00000000ecb80000)
 ParOldGen       total 61952K, used 47257K [0x00000000a1c00000, 0x00000000a5880000, 0x00000000e0980000)
  object space 61952K, 76% used [0x00000000a1c00000,0x00000000a4a26400,0x00000000a5880000)
 Metaspace       used 34258K, capacity 35332K, committed 35416K, reserved 1081344K
  class space    used 4071K, capacity 4316K, committed 4352K, reserved 1048576K
Event: 3.788 GC heap after
Heap after GC invocations=12 (full 2):
 PSYoungGen      total 207360K, used 0K [0x00000000e0980000, 0x00000000ef280000, 0x0000000100000000)
  eden space 183296K, 0% used [0x00000000e0980000,0x00000000e0980000,0x00000000ebc80000)
  from space 24064K, 0% used [0x00000000edb00000,0x00000000edb00000,0x00000000ef280000)
  to   space 15360K, 0% used [0x00000000ebc80000,0x00000000ebc80000,0x00000000ecb80000)
 ParOldGen       total 108032K, used 42278K [0x00000000a1c00000, 0x00000000a8580000, 0x00000000e0980000)
  object space 108032K, 39% used [0x00000000a1c00000,0x00000000a4549b70,0x00000000a8580000)
 Metaspace       used 34255K, capacity 35320K, committed 35416K, reserved 1081344K
  class space    used 4069K, capacity 4314K, committed 4352K, reserved 1048576K
}

