# JRE version: Java(TM) SE Runtime Environment (8.0_231-b11) (build 1.8.0_231-b11)
# Java VM: Java HotSpot(TM) 64-Bit Server VM (25.231-b11 mixed mode windows-amd64 compressed oops)
Heap:
 PSYoungGen      total 187392K, used 51142K [0x00000000e0980000, 0x00000000edf00000, 0x0000000100000000)
  eden space 172544K, 21% used [0x00000000e0980000,0x00000000e2cf9418,0x00000000eb200000)
  from space 14848K, 99% used [0x00000000ebc80000,0x00000000ecaf8790,0x00000000ecb00000)
  to   space 20480K, 0% used [0x00000000ecb00000,0x00000000ecb00000,0x00000000edf00000)
 ParOldGen       total 61952K, used 37884K [0x00000000a1c00000, 0x00000000a5880000, 0x00000000e0980000)
  object space 61952K, 61% used [0x00000000a1c00000,0x00000000a40ff2f0,0x00000000a5880000)
 Metaspace       used 24070K, capacity 24740K, committed 25088K, reserved 1071104K
  class space    used 2819K, capacity 2976K, committed 3072K, reserved 1048576K
GC Heap History (10 events):
Event: 1.769 GC heap before
{Heap before GC invocations=6 (full 0):
 PSYoungGen      total 53248K, used 53216K [0x00000000e0980000, 0x00000000e7980000, 0x0000000100000000)
  eden space 49152K, 100% used [0x00000000e0980000,0x00000000e3980000,0x00000000e3980000)
  from space 4096K, 99% used [0x00000000e3980000,0x00000000e3d78020,0x00000000e3d80000)
  to   space 8192K, 0% used [0x00000000e7180000,0x00000000e7180000,0x00000000e7980000)
 ParOldGen       total 65536K, used 9090K [0x00000000a1c00000, 0x00000000a5c00000, 0x00000000e0980000)
  object space 65536K, 13% used [0x00000000a1c00000,0x00000000a24e0880,0x00000000a5c00000)
 Metaspace       used 19623K, capacity 20244K, committed 20352K, reserved 1067008K
  class space    used 2231K, capacity 2388K, committed 2432K, reserved 1048576K
Event: 1.781 GC heap after
Heap after GC invocations=6 (full 0):
 PSYoungGen      total 103424K, used 8160K [0x00000000e0980000, 0x00000000e7f80000, 0x0000000100000000)
  eden space 95232K, 0% used [0x00000000e0980000,0x00000000e0980000,0x00000000e6680000)
  from space 8192K, 99% used [0x00000000e7180000,0x00000000e7978030,0x00000000e7980000)
  to   space 11264K, 0% used [0x00000000e6680000,0x00000000e6680000,0x00000000e7180000)
 ParOldGen       total 65536K, used 12875K [0x00000000a1c00000, 0x00000000a5c00000, 0x00000000e0980000)
  object space 65536K, 19% used [0x00000000a1c00000,0x00000000a2892ec8,0x00000000a5c00000)
 Metaspace       used 19623K, capacity 20244K, committed 20352K, reserved 1067008K
  class space    used 2231K, capacity 2388K, committed 2432K, reserved 1048576K
}
Event: 2.048 GC heap before
{Heap before GC invocations=7 (full 0):
 PSYoungGen      total 103424K, used 24380K [0x00000000e0980000, 0x00000000e7f80000, 0x0000000100000000)
  eden space 95232K, 17% used [0x00000000e0980000,0x00000000e1957178,0x00000000e6680000)
  from space 8192K, 99% used [0x00000000e7180000,0x00000000e7978030,0x00000000e7980000)
  to   space 11264K, 0% used [0x00000000e6680000,0x00000000e6680000,0x00000000e7180000)
 ParOldGen       total 65536K, used 12875K [0x00000000a1c00000, 0x00000000a5c00000, 0x00000000e0980000)
  object space 65536K, 19% used [0x00000000a1c00000,0x00000000a2892ec8,0x00000000a5c00000)
 Metaspace       used 20625K, capacity 21200K, committed 21248K, reserved 1069056K
  class space    used 2384K, capacity 2544K, committed 2560K, reserved 1048576K
Event: 2.066 GC heap after
Heap after GC invocations=7 (full 0):
 PSYoungGen      total 106496K, used 7782K [0x00000000e0980000, 0x00000000ed980000, 0x0000000100000000)
  eden space 95232K, 0% used [0x00000000e0980000,0x00000000e0980000,0x00000000e6680000)
  from space 11264K, 69% used [0x00000000e6680000,0x00000000e6e19be8,0x00000000e7180000)
  to   space 11264K, 0% used [0x00000000ece80000,0x00000000ece80000,0x00000000ed980000)
 ParOldGen       total 65536K, used 15209K [0x00000000a1c00000, 0x00000000a5c00000, 0x00000000e0980000)
  object space 65536K, 23% used [0x00000000a1c00000,0x00000000a2ada588,0x00000000a5c00000)
 Metaspace       used 20625K, capacity 21200K, committed 21248K, reserved 1069056K
  class space    used 2384K, capacity 2544K, committed 2560K, reserved 1048576K
}
Event: 2.066 GC heap before
{Heap before GC invocations=8 (full 1):
 PSYoungGen      total 106496K, used 7782K [0x00000000e0980000, 0x00000000ed980000, 0x0000000100000000)
  eden space 95232K, 0% used [0x00000000e0980000,0x00000000e0980000,0x00000000e6680000)
  from space 11264K, 69% used [0x00000000e6680000,0x00000000e6e19be8,0x00000000e7180000)
  to   space 11264K, 0% used [0x00000000ece80000,0x00000000ece80000,0x00000000ed980000)
 ParOldGen       total 65536K, used 15209K [0x00000000a1c00000, 0x00000000a5c00000, 0x00000000e0980000)
  object space 65536K, 23% used [0x00000000a1c00000,0x00000000a2ada588,0x00000000a5c00000)
 Metaspace       used 20625K, capacity 21200K, committed 21248K, reserved 1069056K
  class space    used 2384K, capacity 2544K, committed 2560K, reserved 1048576K
Event: 2.183 GC heap after
Heap after GC invocations=8 (full 1):
 PSYoungGen      total 106496K, used 0K [0x00000000e0980000, 0x00000000ed980000, 0x0000000100000000)
  eden space 95232K, 0% used [0x00000000e0980000,0x00000000e0980000,0x00000000e6680000)
  from space 11264K, 0% used [0x00000000e6680000,0x00000000e6680000,0x00000000e7180000)
  to   space 11264K, 0% used [0x00000000ece80000,0x00000000ece80000,0x00000000ed980000)
 ParOldGen       total 61952K, used 17355K [0x00000000a1c00000, 0x00000000a5880000, 0x00000000e0980000)
  object space 61952K, 28% used [0x00000000a1c00000,0x00000000a2cf2f28,0x00000000a5880000)
 Metaspace       used 20625K, capacity 21200K, committed 21248K, reserved 1069056K
  class space    used 2384K, capacity 2544K, committed 2560K, reserved 1048576K
}
Event: 2.660 GC heap before
{Heap before GC invocations=9 (full 1):
 PSYoungGen      total 106496K, used 95232K [0x00000000e0980000, 0x00000000ed980000, 0x0000000100000000)
  eden space 95232K, 100% used [0x00000000e0980000,0x00000000e6680000,0x00000000e6680000)
  from space 11264K, 0% used [0x00000000e6680000,0x00000000e6680000,0x00000000e7180000)
  to   space 11264K, 0% used [0x00000000ece80000,0x00000000ece80000,0x00000000ed980000)
 ParOldGen       total 61952K, used 17355K [0x00000000a1c00000, 0x00000000a5880000, 0x00000000e0980000)
  object space 61952K, 28% used [0x00000000a1c00000,0x00000000a2cf2f28,0x00000000a5880000)
 Metaspace       used 22590K, capacity 23226K, committed 23296K, reserved 1069056K
  class space    used 2601K, capacity 2762K, committed 2816K, reserved 1048576K
Event: 2.678 GC heap after
Heap after GC invocations=9 (full 1):
 PSYoungGen      total 142336K, used 11242K [0x00000000e0980000, 0x00000000ed980000, 0x0000000100000000)
  eden space 131072K, 0% used [0x00000000e0980000,0x00000000e0980000,0x00000000e8980000)
  from space 11264K, 99% used [0x00000000ece80000,0x00000000ed97ab28,0x00000000ed980000)
  to   space 14848K, 0% used [0x00000000ebc80000,0x00000000ebc80000,0x00000000ecb00000)
 ParOldGen       total 61952K, used 23156K [0x00000000a1c00000, 0x00000000a5880000, 0x00000000e0980000)
  object space 61952K, 37% used [0x00000000a1c00000,0x00000000a329d228,0x00000000a5880000)
 Metaspace       used 22590K, capacity 23226K, committed 23296K, reserved 1069056K
  class space    used 2601K, capacity 2762K, committed 2816K, reserved 1048576K
}
Event: 2.923 GC heap before
{Heap before GC invocations=10 (full 1):
 PSYoungGen      total 142336K, used 142314K [0x00000000e0980000, 0x00000000ed980000, 0x0000000100000000)
  eden space 131072K, 100% used [0x00000000e0980000,0x00000000e8980000,0x00000000e8980000)
  from space 11264K, 99% used [0x00000000ece80000,0x00000000ed97ab28,0x00000000ed980000)
  to   space 14848K, 0% used [0x00000000ebc80000,0x00000000ebc80000,0x00000000ecb00000)
 ParOldGen       total 61952K, used 23168K [0x00000000a1c00000, 0x00000000a5880000, 0x00000000e0980000)
  object space 61952K, 37% used [0x00000000a1c00000,0x00000000a32a0130,0x00000000a5880000)
 Metaspace       used 22599K, capacity 23226K, committed 23296K, reserved 1069056K
  class space    used 2601K, capacity 2762K, committed 2816K, reserved 1048576K
Event: 2.964 GC heap after
Heap after GC invocations=10 (full 1):
 PSYoungGen      total 187392K, used 14817K [0x00000000e0980000, 0x00000000edf00000, 0x0000000100000000)
  eden space 172544K, 0% used [0x00000000e0980000,0x00000000e0980000,0x00000000eb200000)
  from space 14848K, 99% used [0x00000000ebc80000,0x00000000ecaf8790,0x00000000ecb00000)
  to   space 20480K, 0% used [0x00000000ecb00000,0x00000000ecb00000,0x00000000edf00000)
 ParOldGen       total 61952K, used 37884K [0x00000000a1c00000, 0x00000000a5880000, 0x00000000e0980000)
  object space 61952K, 61% used [0x00000000a1c00000,0x00000000a40ff2f0,0x00000000a5880000)
 Metaspace       used 22599K, capacity 23226K, committed 23296K, reserved 1069056K
  class space    used 2601K, capacity 2762K, committed 2816K, reserved 1048576K
}

