# JRE version: Java(TM) SE Runtime Environment (8.0_231-b11) (build 1.8.0_231-b11)
# Java VM: Java HotSpot(TM) 64-Bit Server VM (25.231-b11 mixed mode windows-amd64 compressed oops)
Heap:
 PSYoungGen      total 203264K, used 26011K [0x00000000e0980000, 0x00000000f2580000, 0x0000000100000000)
  eden space 179712K, 14% used [0x00000000e0980000,0x00000000e22e6f18,0x00000000eb900000)
  from space 23552K, 0% used [0x00000000ed300000,0x00000000ed300000,0x00000000eea00000)
  to   space 26624K, 0% used [0x00000000eb900000,0x00000000eb900000,0x00000000ed300000)
 ParOldGen       total 61952K, used 45638K [0x00000000a1c00000, 0x00000000a5880000, 0x00000000e0980000)
  object space 61952K, 73% used [0x00000000a1c00000,0x00000000a4891b60,0x00000000a5880000)
 Metaspace       used 35946K, capacity 37046K, committed 37336K, reserved 1081344K
  class space    used 4393K, capacity 4655K, committed 4736K, reserved 1048576K
GC Heap History (10 events):
Event: 1.801 GC heap before
{Heap before GC invocations=8 (full 1):
 PSYoungGen      total 106496K, used 7846K [0x00000000e0980000, 0x00000000ed980000, 0x0000000100000000)
  eden space 95232K, 0% used [0x00000000e0980000,0x00000000e0980000,0x00000000e6680000)
  from space 11264K, 69% used [0x00000000e6680000,0x00000000e6e29bc8,0x00000000e7180000)
  to   space 11264K, 0% used [0x00000000ece80000,0x00000000ece80000,0x00000000ed980000)
 ParOldGen       total 65536K, used 15225K [0x00000000a1c00000, 0x00000000a5c00000, 0x00000000e0980000)
  object space 65536K, 23% used [0x00000000a1c00000,0x00000000a2ade460,0x00000000a5c00000)
 Metaspace       used 20619K, capacity 21200K, committed 21248K, reserved 1069056K
  class space    used 2388K, capacity 2544K, committed 2560K, reserved 1048576K
Event: 1.890 GC heap after
Heap after GC invocations=8 (full 1):
 PSYoungGen      total 106496K, used 0K [0x00000000e0980000, 0x00000000ed980000, 0x0000000100000000)
  eden space 95232K, 0% used [0x00000000e0980000,0x00000000e0980000,0x00000000e6680000)
  from space 11264K, 0% used [0x00000000e6680000,0x00000000e6680000,0x00000000e7180000)
  to   space 11264K, 0% used [0x00000000ece80000,0x00000000ece80000,0x00000000ed980000)
 ParOldGen       total 61952K, used 19413K [0x00000000a1c00000, 0x00000000a5880000, 0x00000000e0980000)
  object space 61952K, 31% used [0x00000000a1c00000,0x00000000a2ef57f8,0x00000000a5880000)
 Metaspace       used 20619K, capacity 21200K, committed 21248K, reserved 1069056K
  class space    used 2388K, capacity 2544K, committed 2560K, reserved 1048576K
}
Event: 2.212 GC heap before
{Heap before GC invocations=9 (full 1):
 PSYoungGen      total 106496K, used 95232K [0x00000000e0980000, 0x00000000ed980000, 0x0000000100000000)
  eden space 95232K, 100% used [0x00000000e0980000,0x00000000e6680000,0x00000000e6680000)
  from space 11264K, 0% used [0x00000000e6680000,0x00000000e6680000,0x00000000e7180000)
  to   space 11264K, 0% used [0x00000000ece80000,0x00000000ece80000,0x00000000ed980000)
 ParOldGen       total 61952K, used 19428K [0x00000000a1c00000, 0x00000000a5880000, 0x00000000e0980000)
  object space 61952K, 31% used [0x00000000a1c00000,0x00000000a2ef9220,0x00000000a5880000)
 Metaspace       used 22576K, capacity 23256K, committed 23552K, reserved 1071104K
  class space    used 2605K, capacity 2769K, committed 2816K, reserved 1048576K
Event: 2.223 GC heap after
Heap after GC invocations=9 (full 1):
 PSYoungGen      total 148480K, used 11262K [0x00000000e0980000, 0x00000000ed980000, 0x0000000100000000)
  eden space 137216K, 0% used [0x00000000e0980000,0x00000000e0980000,0x00000000e8f80000)
  from space 11264K, 99% used [0x00000000ece80000,0x00000000ed97f930,0x00000000ed980000)
  to   space 14848K, 0% used [0x00000000ebc80000,0x00000000ebc80000,0x00000000ecb00000)
 ParOldGen       total 61952K, used 25182K [0x00000000a1c00000, 0x00000000a5880000, 0x00000000e0980000)
  object space 61952K, 40% used [0x00000000a1c00000,0x00000000a3497830,0x00000000a5880000)
 Metaspace       used 22576K, capacity 23256K, committed 23552K, reserved 1071104K
  class space    used 2605K, capacity 2769K, committed 2816K, reserved 1048576K
}
Event: 2.386 GC heap before
{Heap before GC invocations=10 (full 1):
 PSYoungGen      total 148480K, used 148478K [0x00000000e0980000, 0x00000000ed980000, 0x0000000100000000)
  eden space 137216K, 100% used [0x00000000e0980000,0x00000000e8f80000,0x00000000e8f80000)
  from space 11264K, 99% used [0x00000000ece80000,0x00000000ed97f930,0x00000000ed980000)
  to   space 14848K, 0% used [0x00000000ebc80000,0x00000000ebc80000,0x00000000ecb00000)
 ParOldGen       total 61952K, used 25184K [0x00000000a1c00000, 0x00000000a5880000, 0x00000000e0980000)
  object space 61952K, 40% used [0x00000000a1c00000,0x00000000a3498200,0x00000000a5880000)
 Metaspace       used 22590K, capacity 23256K, committed 23552K, reserved 1071104K
  class space    used 2606K, capacity 2769K, committed 2816K, reserved 1048576K
Event: 2.408 GC heap after
Heap after GC invocations=10 (full 1):
 PSYoungGen      total 197632K, used 14822K [0x00000000e0980000, 0x00000000eea00000, 0x0000000100000000)
  eden space 182784K, 0% used [0x00000000e0980000,0x00000000e0980000,0x00000000ebc00000)
  from space 14848K, 99% used [0x00000000ebc80000,0x00000000ecaf9940,0x00000000ecb00000)
  to   space 23552K, 0% used [0x00000000ed300000,0x00000000ed300000,0x00000000eea00000)
 ParOldGen       total 61952K, used 41072K [0x00000000a1c00000, 0x00000000a5880000, 0x00000000e0980000)
  object space 61952K, 66% used [0x00000000a1c00000,0x00000000a441c330,0x00000000a5880000)
 Metaspace       used 22590K, capacity 23256K, committed 23552K, reserved 1071104K
  class space    used 2606K, capacity 2769K, committed 2816K, reserved 1048576K
}
Event: 3.513 GC heap before
{Heap before GC invocations=11 (full 1):
 PSYoungGen      total 197632K, used 133511K [0x00000000e0980000, 0x00000000eea00000, 0x0000000100000000)
  eden space 182784K, 64% used [0x00000000e0980000,0x00000000e7d68500,0x00000000ebc00000)
  from space 14848K, 99% used [0x00000000ebc80000,0x00000000ecaf9940,0x00000000ecb00000)
  to   space 23552K, 0% used [0x00000000ed300000,0x00000000ed300000,0x00000000eea00000)
 ParOldGen       total 61952K, used 41072K [0x00000000a1c00000, 0x00000000a5880000, 0x00000000e0980000)
  object space 61952K, 66% used [0x00000000a1c00000,0x00000000a441c330,0x00000000a5880000)
 Metaspace       used 34251K, capacity 35356K, committed 35416K, reserved 1081344K
  class space    used 4073K, capacity 4322K, committed 4352K, reserved 1048576K
Event: 3.529 GC heap after
Heap after GC invocations=11 (full 1):
 PSYoungGen      total 203264K, used 22932K [0x00000000e0980000, 0x00000000f2580000, 0x0000000100000000)
  eden space 179712K, 0% used [0x00000000e0980000,0x00000000e0980000,0x00000000eb900000)
  from space 23552K, 97% used [0x00000000ed300000,0x00000000ee965060,0x00000000eea00000)
  to   space 26624K, 0% used [0x00000000eb900000,0x00000000eb900000,0x00000000ed300000)
 ParOldGen       total 61952K, used 45708K [0x00000000a1c00000, 0x00000000a5880000, 0x00000000e0980000)
  object space 61952K, 73% used [0x00000000a1c00000,0x00000000a48a3318,0x00000000a5880000)
 Metaspace       used 34251K, capacity 35356K, committed 35416K, reserved 1081344K
  class space    used 4073K, capacity 4322K, committed 4352K, reserved 1048576K
}
Event: 3.529 GC heap before
{Heap before GC invocations=12 (full 2):
 PSYoungGen      total 203264K, used 22932K [0x00000000e0980000, 0x00000000f2580000, 0x0000000100000000)
  eden space 179712K, 0% used [0x00000000e0980000,0x00000000e0980000,0x00000000eb900000)
  from space 23552K, 97% used [0x00000000ed300000,0x00000000ee965060,0x00000000eea00000)
  to   space 26624K, 0% used [0x00000000eb900000,0x00000000eb900000,0x00000000ed300000)
 ParOldGen       total 61952K, used 45708K [0x00000000a1c00000, 0x00000000a5880000, 0x00000000e0980000)
  object space 61952K, 73% used [0x00000000a1c00000,0x00000000a48a3318,0x00000000a5880000)
 Metaspace       used 34251K, capacity 35356K, committed 35416K, reserved 1081344K
  class space    used 4073K, capacity 4322K, committed 4352K, reserved 1048576K
Event: 3.576 GC heap after
Heap after GC invocations=12 (full 2):
 PSYoungGen      total 203264K, used 0K [0x00000000e0980000, 0x00000000f2580000, 0x0000000100000000)
  eden space 179712K, 0% used [0x00000000e0980000,0x00000000e0980000,0x00000000eb900000)
  from space 23552K, 0% used [0x00000000ed300000,0x00000000ed300000,0x00000000eea00000)
  to   space 26624K, 0% used [0x00000000eb900000,0x00000000eb900000,0x00000000ed300000)
 ParOldGen       total 61952K, used 45638K [0x00000000a1c00000, 0x00000000a5880000, 0x00000000e0980000)
  object space 61952K, 73% used [0x00000000a1c00000,0x00000000a4891b60,0x00000000a5880000)
 Metaspace       used 34239K, capacity 35320K, committed 35416K, reserved 1081344K
  class space    used 4068K, capacity 4314K, committed 4352K, reserved 1048576K
}

