# JRE version: Java(TM) SE Runtime Environment (8.0_231-b11) (build 1.8.0_231-b11)
# Java VM: Java HotSpot(TM) 64-Bit Server VM (25.231-b11 mixed mode windows-amd64 compressed oops)
Heap:
 PSYoungGen      total 139264K, used 77789K [0x00000000f5580000, 0x0000000100000000, 0x0000000100000000)
  eden space 126464K, 51% used [0x00000000f5580000,0x00000000f94f9310,0x00000000fd100000)
  from space 12800K, 99% used [0x00000000ff380000,0x00000000ffffe178,0x0000000100000000)
  to   space 24064K, 0% used [0x00000000fd100000,0x00000000fd100000,0x00000000fe880000)
 ParOldGen       total 175104K, used 39105K [0x00000000e0000000, 0x00000000eab00000, 0x00000000f5580000)
  object space 175104K, 22% used [0x00000000e0000000,0x00000000e2630480,0x00000000eab00000)
 Metaspace       used 53562K, capacity 56444K, committed 56704K, reserved 1097728K
  class space    used 7658K, capacity 8312K, committed 8320K, reserved 1048576K
GC Heap History (10 events):
Event: 5.281 GC heap before
{Heap before GC invocations=8 (full 1):
 PSYoungGen      total 123392K, used 31506K [0x00000000f5580000, 0x00000000fda80000, 0x0000000100000000)
  eden space 111616K, 20% used [0x00000000f5580000,0x00000000f6b6df00,0x00000000fc280000)
  from space 11776K, 76% used [0x00000000fcf00000,0x00000000fd7d6c78,0x00000000fda80000)
  to   space 12288K, 0% used [0x00000000fc280000,0x00000000fc280000,0x00000000fce80000)
 ParOldGen       total 175104K, used 6821K [0x00000000e0000000, 0x00000000eab00000, 0x00000000f5580000)
  object space 175104K, 3% used [0x00000000e0000000,0x00000000e06a9400,0x00000000eab00000)
 Metaspace       used 34434K, capacity 35456K, committed 35496K, reserved 1079296K
  class space    used 4830K, capacity 5096K, committed 5120K, reserved 1048576K
Event: 5.290 GC heap after
Heap after GC invocations=8 (full 1):
 PSYoungGen      total 123904K, used 7020K [0x00000000f5580000, 0x00000000fff80000, 0x0000000100000000)
  eden space 111616K, 0% used [0x00000000f5580000,0x00000000f5580000,0x00000000fc280000)
  from space 12288K, 57% used [0x00000000fc280000,0x00000000fc95b058,0x00000000fce80000)
  to   space 11776K, 0% used [0x00000000ff400000,0x00000000ff400000,0x00000000fff80000)
 ParOldGen       total 175104K, used 6821K [0x00000000e0000000, 0x00000000eab00000, 0x00000000f5580000)
  object space 175104K, 3% used [0x00000000e0000000,0x00000000e06a9400,0x00000000eab00000)
 Metaspace       used 34434K, capacity 35456K, committed 35496K, reserved 1079296K
  class space    used 4830K, capacity 5096K, committed 5120K, reserved 1048576K
}
Event: 5.290 GC heap before
{Heap before GC invocations=9 (full 2):
 PSYoungGen      total 123904K, used 7020K [0x00000000f5580000, 0x00000000fff80000, 0x0000000100000000)
  eden space 111616K, 0% used [0x00000000f5580000,0x00000000f5580000,0x00000000fc280000)
  from space 12288K, 57% used [0x00000000fc280000,0x00000000fc95b058,0x00000000fce80000)
  to   space 11776K, 0% used [0x00000000ff400000,0x00000000ff400000,0x00000000fff80000)
 ParOldGen       total 175104K, used 6821K [0x00000000e0000000, 0x00000000eab00000, 0x00000000f5580000)
  object space 175104K, 3% used [0x00000000e0000000,0x00000000e06a9400,0x00000000eab00000)
 Metaspace       used 34434K, capacity 35456K, committed 35496K, reserved 1079296K
  class space    used 4830K, capacity 5096K, committed 5120K, reserved 1048576K
Event: 5.354 GC heap after
Heap after GC invocations=9 (full 2):
 PSYoungGen      total 123904K, used 0K [0x00000000f5580000, 0x00000000fff80000, 0x0000000100000000)
  eden space 111616K, 0% used [0x00000000f5580000,0x00000000f5580000,0x00000000fc280000)
  from space 12288K, 0% used [0x00000000fc280000,0x00000000fc280000,0x00000000fce80000)
  to   space 11776K, 0% used [0x00000000ff400000,0x00000000ff400000,0x00000000fff80000)
 ParOldGen       total 175104K, used 13405K [0x00000000e0000000, 0x00000000eab00000, 0x00000000f5580000)
  object space 175104K, 7% used [0x00000000e0000000,0x00000000e0d17528,0x00000000eab00000)
 Metaspace       used 34434K, capacity 35456K, committed 35496K, reserved 1079296K
  class space    used 4830K, capacity 5096K, committed 5120K, reserved 1048576K
}
Event: 6.254 GC heap before
{Heap before GC invocations=10 (full 2):
 PSYoungGen      total 123904K, used 111616K [0x00000000f5580000, 0x00000000fff80000, 0x0000000100000000)
  eden space 111616K, 100% used [0x00000000f5580000,0x00000000fc280000,0x00000000fc280000)
  from space 12288K, 0% used [0x00000000fc280000,0x00000000fc280000,0x00000000fce80000)
  to   space 11776K, 0% used [0x00000000ff400000,0x00000000ff400000,0x00000000fff80000)
 ParOldGen       total 175104K, used 13405K [0x00000000e0000000, 0x00000000eab00000, 0x00000000f5580000)
  object space 175104K, 7% used [0x00000000e0000000,0x00000000e0d17528,0x00000000eab00000)
 Metaspace       used 38384K, capacity 39910K, committed 40064K, reserved 1083392K
  class space    used 5397K, capacity 5750K, committed 5760K, reserved 1048576K
Event: 6.263 GC heap after
Heap after GC invocations=10 (full 2):
 PSYoungGen      total 160768K, used 10799K [0x00000000f5580000, 0x0000000100000000, 0x0000000100000000)
  eden space 148992K, 0% used [0x00000000f5580000,0x00000000f5580000,0x00000000fe700000)
  from space 11776K, 91% used [0x00000000ff400000,0x00000000ffe8bef8,0x00000000fff80000)
  to   space 12800K, 0% used [0x00000000fe700000,0x00000000fe700000,0x00000000ff380000)
 ParOldGen       total 175104K, used 13413K [0x00000000e0000000, 0x00000000eab00000, 0x00000000f5580000)
  object space 175104K, 7% used [0x00000000e0000000,0x00000000e0d19528,0x00000000eab00000)
 Metaspace       used 38384K, capacity 39910K, committed 40064K, reserved 1083392K
  class space    used 5397K, capacity 5750K, committed 5760K, reserved 1048576K
}
Event: 7.690 GC heap before
{Heap before GC invocations=11 (full 2):
 PSYoungGen      total 160768K, used 159791K [0x00000000f5580000, 0x0000000100000000, 0x0000000100000000)
  eden space 148992K, 100% used [0x00000000f5580000,0x00000000fe700000,0x00000000fe700000)
  from space 11776K, 91% used [0x00000000ff400000,0x00000000ffe8bef8,0x00000000fff80000)
  to   space 12800K, 0% used [0x00000000fe700000,0x00000000fe700000,0x00000000ff380000)
 ParOldGen       total 175104K, used 13413K [0x00000000e0000000, 0x00000000eab00000, 0x00000000f5580000)
  object space 175104K, 7% used [0x00000000e0000000,0x00000000e0d19528,0x00000000eab00000)
 Metaspace       used 42767K, capacity 44778K, committed 45056K, reserved 1087488K
  class space    used 6134K, capacity 6583K, committed 6656K, reserved 1048576K
Event: 7.717 GC heap after
Heap after GC invocations=11 (full 2):
 PSYoungGen      total 161792K, used 12784K [0x00000000f5580000, 0x0000000100000000, 0x0000000100000000)
  eden space 148992K, 0% used [0x00000000f5580000,0x00000000f5580000,0x00000000fe700000)
  from space 12800K, 99% used [0x00000000fe700000,0x00000000ff37c040,0x00000000ff380000)
  to   space 12800K, 0% used [0x00000000ff380000,0x00000000ff380000,0x0000000100000000)
 ParOldGen       total 175104K, used 22041K [0x00000000e0000000, 0x00000000eab00000, 0x00000000f5580000)
  object space 175104K, 12% used [0x00000000e0000000,0x00000000e15865e0,0x00000000eab00000)
 Metaspace       used 42767K, capacity 44778K, committed 45056K, reserved 1087488K
  class space    used 6134K, capacity 6583K, committed 6656K, reserved 1048576K
}
Event: 77.423 GC heap before
{Heap before GC invocations=12 (full 2):
 PSYoungGen      total 161792K, used 161776K [0x00000000f5580000, 0x0000000100000000, 0x0000000100000000)
  eden space 148992K, 100% used [0x00000000f5580000,0x00000000fe700000,0x00000000fe700000)
  from space 12800K, 99% used [0x00000000fe700000,0x00000000ff37c040,0x00000000ff380000)
  to   space 12800K, 0% used [0x00000000ff380000,0x00000000ff380000,0x0000000100000000)
 ParOldGen       total 175104K, used 22041K [0x00000000e0000000, 0x00000000eab00000, 0x00000000f5580000)
  object space 175104K, 12% used [0x00000000e0000000,0x00000000e15865e0,0x00000000eab00000)
 Metaspace       used 48466K, capacity 51096K, committed 51200K, reserved 1093632K
  class space    used 7029K, capacity 7627K, committed 7680K, reserved 1048576K
Event: 77.448 GC heap after
Heap after GC invocations=12 (full 2):
 PSYoungGen      total 139264K, used 12792K [0x00000000f5580000, 0x0000000100000000, 0x0000000100000000)
  eden space 126464K, 0% used [0x00000000f5580000,0x00000000f5580000,0x00000000fd100000)
  from space 12800K, 99% used [0x00000000ff380000,0x00000000ffffe178,0x0000000100000000)
  to   space 24064K, 0% used [0x00000000fd100000,0x00000000fd100000,0x00000000fe880000)
 ParOldGen       total 175104K, used 39105K [0x00000000e0000000, 0x00000000eab00000, 0x00000000f5580000)
  object space 175104K, 22% used [0x00000000e0000000,0x00000000e2630480,0x00000000eab00000)
 Metaspace       used 48466K, capacity 51096K, committed 51200K, reserved 1093632K
  class space    used 7029K, capacity 7627K, committed 7680K, reserved 1048576K
}

