# JRE version: Java(TM) SE Runtime Environment (8.0_231-b11) (build 1.8.0_231-b11)
# Java VM: Java HotSpot(TM) 64-Bit Server VM (25.231-b11 mixed mode windows-amd64 compressed oops)
Heap:
 PSYoungGen      total 141824K, used 120551K [0x00000000f5580000, 0x00000000fea80000, 0x0000000100000000)
  eden space 131072K, 91% used [0x00000000f5580000,0x00000000fcb39e68,0x00000000fd580000)
  from space 10752K, 0% used [0x00000000fe000000,0x00000000fe000000,0x00000000fea80000)
  to   space 10752K, 0% used [0x00000000fd580000,0x00000000fd580000,0x00000000fe000000)
 ParOldGen       total 175104K, used 6810K [0x00000000e0000000, 0x00000000eab00000, 0x00000000f5580000)
  object space 175104K, 3% used [0x00000000e0000000,0x00000000e06a6bd8,0x00000000eab00000)
 Metaspace       used 32608K, capacity 33562K, committed 33792K, reserved 1079296K
  class space    used 4541K, capacity 4773K, committed 4864K, reserved 1048576K
GC Heap History (10 events):
Event: 1.347 GC heap before
{Heap before GC invocations=1 (full 0):
 PSYoungGen      total 76288K, used 65536K [0x00000000f5580000, 0x00000000faa80000, 0x0000000100000000)
  eden space 65536K, 100% used [0x00000000f5580000,0x00000000f9580000,0x00000000f9580000)
  from space 10752K, 0% used [0x00000000fa000000,0x00000000fa000000,0x00000000faa80000)
  to   space 10752K, 0% used [0x00000000f9580000,0x00000000f9580000,0x00000000fa000000)
 ParOldGen       total 175104K, used 0K [0x00000000e0000000, 0x00000000eab00000, 0x00000000f5580000)
  object space 175104K, 0% used [0x00000000e0000000,0x00000000e0000000,0x00000000eab00000)
 Metaspace       used 7737K, capacity 8034K, committed 8320K, reserved 1056768K
  class space    used 979K, capacity 1081K, committed 1152K, reserved 1048576K
Event: 1.352 GC heap after
Heap after GC invocations=1 (full 0):
 PSYoungGen      total 76288K, used 5775K [0x00000000f5580000, 0x00000000faa80000, 0x0000000100000000)
  eden space 65536K, 0% used [0x00000000f5580000,0x00000000f5580000,0x00000000f9580000)
  from space 10752K, 53% used [0x00000000f9580000,0x00000000f9b23e18,0x00000000fa000000)
  to   space 10752K, 0% used [0x00000000fa000000,0x00000000fa000000,0x00000000faa80000)
 ParOldGen       total 175104K, used 16K [0x00000000e0000000, 0x00000000eab00000, 0x00000000f5580000)
  object space 175104K, 0% used [0x00000000e0000000,0x00000000e0004000,0x00000000eab00000)
 Metaspace       used 7737K, capacity 8034K, committed 8320K, reserved 1056768K
  class space    used 979K, capacity 1081K, committed 1152K, reserved 1048576K
}
Event: 3.824 GC heap before
{Heap before GC invocations=2 (full 0):
 PSYoungGen      total 76288K, used 71006K [0x00000000f5580000, 0x00000000faa80000, 0x0000000100000000)
  eden space 65536K, 99% used [0x00000000f5580000,0x00000000f9533c88,0x00000000f9580000)
  from space 10752K, 53% used [0x00000000f9580000,0x00000000f9b23e18,0x00000000fa000000)
  to   space 10752K, 0% used [0x00000000fa000000,0x00000000fa000000,0x00000000faa80000)
 ParOldGen       total 175104K, used 16K [0x00000000e0000000, 0x00000000eab00000, 0x00000000f5580000)
  object space 175104K, 0% used [0x00000000e0000000,0x00000000e0004000,0x00000000eab00000)
 Metaspace       used 14596K, capacity 15104K, committed 15232K, reserved 1062912K
  class space    used 2032K, capacity 2156K, committed 2176K, reserved 1048576K
Event: 3.846 GC heap after
Heap after GC invocations=2 (full 0):
 PSYoungGen      total 76288K, used 9393K [0x00000000f5580000, 0x00000000faa80000, 0x0000000100000000)
  eden space 65536K, 0% used [0x00000000f5580000,0x00000000f5580000,0x00000000f9580000)
  from space 10752K, 87% used [0x00000000fa000000,0x00000000fa92c678,0x00000000faa80000)
  to   space 10752K, 0% used [0x00000000f9580000,0x00000000f9580000,0x00000000fa000000)
 ParOldGen       total 175104K, used 24K [0x00000000e0000000, 0x00000000eab00000, 0x00000000f5580000)
  object space 175104K, 0% used [0x00000000e0000000,0x00000000e0006000,0x00000000eab00000)
 Metaspace       used 14596K, capacity 15104K, committed 15232K, reserved 1062912K
  class space    used 2032K, capacity 2156K, committed 2176K, reserved 1048576K
}
Event: 5.071 GC heap before
{Heap before GC invocations=3 (full 0):
 PSYoungGen      total 76288K, used 74929K [0x00000000f5580000, 0x00000000faa80000, 0x0000000100000000)
  eden space 65536K, 100% used [0x00000000f5580000,0x00000000f9580000,0x00000000f9580000)
  from space 10752K, 87% used [0x00000000fa000000,0x00000000fa92c678,0x00000000faa80000)
  to   space 10752K, 0% used [0x00000000f9580000,0x00000000f9580000,0x00000000fa000000)
 ParOldGen       total 175104K, used 24K [0x00000000e0000000, 0x00000000eab00000, 0x00000000f5580000)
  object space 175104K, 0% used [0x00000000e0000000,0x00000000e0006000,0x00000000eab00000)
 Metaspace       used 20337K, capacity 21138K, committed 21296K, reserved 1067008K
  class space    used 2896K, capacity 3111K, committed 3200K, reserved 1048576K
Event: 5.100 GC heap after
Heap after GC invocations=3 (full 0):
 PSYoungGen      total 76288K, used 10738K [0x00000000f5580000, 0x00000000fea80000, 0x0000000100000000)
  eden space 65536K, 0% used [0x00000000f5580000,0x00000000f5580000,0x00000000f9580000)
  from space 10752K, 99% used [0x00000000f9580000,0x00000000f9ffc9b0,0x00000000fa000000)
  to   space 10752K, 0% used [0x00000000fe000000,0x00000000fe000000,0x00000000fea80000)
 ParOldGen       total 175104K, used 887K [0x00000000e0000000, 0x00000000eab00000, 0x00000000f5580000)
  object space 175104K, 0% used [0x00000000e0000000,0x00000000e00ddda8,0x00000000eab00000)
 Metaspace       used 20337K, capacity 21138K, committed 21296K, reserved 1067008K
  class space    used 2896K, capacity 3111K, committed 3200K, reserved 1048576K
}
Event: 5.185 GC heap before
{Heap before GC invocations=4 (full 0):
 PSYoungGen      total 76288K, used 16018K [0x00000000f5580000, 0x00000000fea80000, 0x0000000100000000)
  eden space 65536K, 8% used [0x00000000f5580000,0x00000000f5aa7e68,0x00000000f9580000)
  from space 10752K, 99% used [0x00000000f9580000,0x00000000f9ffc9b0,0x00000000fa000000)
  to   space 10752K, 0% used [0x00000000fe000000,0x00000000fe000000,0x00000000fea80000)
 ParOldGen       total 175104K, used 887K [0x00000000e0000000, 0x00000000eab00000, 0x00000000f5580000)
  object space 175104K, 0% used [0x00000000e0000000,0x00000000e00ddda8,0x00000000eab00000)
 Metaspace       used 20536K, capacity 21234K, committed 21296K, reserved 1067008K
  class space    used 2929K, capacity 3143K, committed 3200K, reserved 1048576K
Event: 5.233 GC heap after
Heap after GC invocations=4 (full 0):
 PSYoungGen      total 141824K, used 6868K [0x00000000f5580000, 0x00000000fea80000, 0x0000000100000000)
  eden space 131072K, 0% used [0x00000000f5580000,0x00000000f5580000,0x00000000fd580000)
  from space 10752K, 63% used [0x00000000fe000000,0x00000000fe6b5040,0x00000000fea80000)
  to   space 10752K, 0% used [0x00000000fd580000,0x00000000fd580000,0x00000000fe000000)
 ParOldGen       total 175104K, used 887K [0x00000000e0000000, 0x00000000eab00000, 0x00000000f5580000)
  object space 175104K, 0% used [0x00000000e0000000,0x00000000e00ddda8,0x00000000eab00000)
 Metaspace       used 20536K, capacity 21234K, committed 21296K, reserved 1067008K
  class space    used 2929K, capacity 3143K, committed 3200K, reserved 1048576K
}
Event: 5.233 GC heap before
{Heap before GC invocations=5 (full 1):
 PSYoungGen      total 141824K, used 6868K [0x00000000f5580000, 0x00000000fea80000, 0x0000000100000000)
  eden space 131072K, 0% used [0x00000000f5580000,0x00000000f5580000,0x00000000fd580000)
  from space 10752K, 63% used [0x00000000fe000000,0x00000000fe6b5040,0x00000000fea80000)
  to   space 10752K, 0% used [0x00000000fd580000,0x00000000fd580000,0x00000000fe000000)
 ParOldGen       total 175104K, used 887K [0x00000000e0000000, 0x00000000eab00000, 0x00000000f5580000)
  object space 175104K, 0% used [0x00000000e0000000,0x00000000e00ddda8,0x00000000eab00000)
 Metaspace       used 20536K, capacity 21234K, committed 21296K, reserved 1067008K
  class space    used 2929K, capacity 3143K, committed 3200K, reserved 1048576K
Event: 5.292 GC heap after
Heap after GC invocations=5 (full 1):
 PSYoungGen      total 141824K, used 0K [0x00000000f5580000, 0x00000000fea80000, 0x0000000100000000)
  eden space 131072K, 0% used [0x00000000f5580000,0x00000000f5580000,0x00000000fd580000)
  from space 10752K, 0% used [0x00000000fe000000,0x00000000fe000000,0x00000000fea80000)
  to   space 10752K, 0% used [0x00000000fd580000,0x00000000fd580000,0x00000000fe000000)
 ParOldGen       total 175104K, used 6810K [0x00000000e0000000, 0x00000000eab00000, 0x00000000f5580000)
  object space 175104K, 3% used [0x00000000e0000000,0x00000000e06a6bd8,0x00000000eab00000)
 Metaspace       used 20536K, capacity 21234K, committed 21296K, reserved 1067008K
  class space    used 2929K, capacity 3143K, committed 3200K, reserved 1048576K
}

