# JRE version: Java(TM) SE Runtime Environment (8.0_231-b11) (build 1.8.0_231-b11)
# Java VM: Java HotSpot(TM) 64-Bit Server VM (25.231-b11 mixed mode windows-amd64 compressed oops)
Heap:
 PSYoungGen      total 189440K, used 115439K [0x00000000e0980000, 0x00000000ee100000, 0x0000000100000000)
  eden space 174592K, 57% used [0x00000000e0980000,0x00000000e6bc1e88,0x00000000eb400000)
  from space 14848K, 99% used [0x00000000ebc80000,0x00000000ecafa0f0,0x00000000ecb00000)
  to   space 22528K, 0% used [0x00000000ecb00000,0x00000000ecb00000,0x00000000ee100000)
 ParOldGen       total 62976K, used 41375K [0x00000000a1c00000, 0x00000000a5980000, 0x00000000e0980000)
  object space 62976K, 65% used [0x00000000a1c00000,0x00000000a4467e50,0x00000000a5980000)
 Metaspace       used 32086K, capacity 33172K, committed 33280K, reserved 1079296K
  class space    used 3830K, capacity 4088K, committed 4096K, reserved 1048576K
GC Heap History (10 events):
Event: 1.959 GC heap before
{Heap before GC invocations=6 (full 0):
 PSYoungGen      total 53248K, used 53236K [0x00000000e0980000, 0x00000000e7980000, 0x0000000100000000)
  eden space 49152K, 100% used [0x00000000e0980000,0x00000000e3980000,0x00000000e3980000)
  from space 4096K, 99% used [0x00000000e3980000,0x00000000e3d7d070,0x00000000e3d80000)
  to   space 8192K, 0% used [0x00000000e7180000,0x00000000e7180000,0x00000000e7980000)
 ParOldGen       total 65536K, used 8960K [0x00000000a1c00000, 0x00000000a5c00000, 0x00000000e0980000)
  object space 65536K, 13% used [0x00000000a1c00000,0x00000000a24c0330,0x00000000a5c00000)
 Metaspace       used 19592K, capacity 20212K, committed 20352K, reserved 1067008K
  class space    used 2232K, capacity 2420K, committed 2432K, reserved 1048576K
Event: 1.986 GC heap after
Heap after GC invocations=6 (full 0):
 PSYoungGen      total 103424K, used 8176K [0x00000000e0980000, 0x00000000e7f80000, 0x0000000100000000)
  eden space 95232K, 0% used [0x00000000e0980000,0x00000000e0980000,0x00000000e6680000)
  from space 8192K, 99% used [0x00000000e7180000,0x00000000e797c080,0x00000000e7980000)
  to   space 11264K, 0% used [0x00000000e6680000,0x00000000e6680000,0x00000000e7180000)
 ParOldGen       total 65536K, used 12959K [0x00000000a1c00000, 0x00000000a5c00000, 0x00000000e0980000)
  object space 65536K, 19% used [0x00000000a1c00000,0x00000000a28a7da8,0x00000000a5c00000)
 Metaspace       used 19592K, capacity 20212K, committed 20352K, reserved 1067008K
  class space    used 2232K, capacity 2420K, committed 2432K, reserved 1048576K
}
Event: 2.235 GC heap before
{Heap before GC invocations=7 (full 0):
 PSYoungGen      total 103424K, used 25387K [0x00000000e0980000, 0x00000000e7f80000, 0x0000000100000000)
  eden space 95232K, 18% used [0x00000000e0980000,0x00000000e1a4eeb8,0x00000000e6680000)
  from space 8192K, 99% used [0x00000000e7180000,0x00000000e797c080,0x00000000e7980000)
  to   space 11264K, 0% used [0x00000000e6680000,0x00000000e6680000,0x00000000e7180000)
 ParOldGen       total 65536K, used 12959K [0x00000000a1c00000, 0x00000000a5c00000, 0x00000000e0980000)
  object space 65536K, 19% used [0x00000000a1c00000,0x00000000a28a7da8,0x00000000a5c00000)
 Metaspace       used 20611K, capacity 21200K, committed 21248K, reserved 1069056K
  class space    used 2386K, capacity 2544K, committed 2560K, reserved 1048576K
Event: 2.254 GC heap after
Heap after GC invocations=7 (full 0):
 PSYoungGen      total 106496K, used 7698K [0x00000000e0980000, 0x00000000ed980000, 0x0000000100000000)
  eden space 95232K, 0% used [0x00000000e0980000,0x00000000e0980000,0x00000000e6680000)
  from space 11264K, 68% used [0x00000000e6680000,0x00000000e6e04998,0x00000000e7180000)
  to   space 11264K, 0% used [0x00000000ece80000,0x00000000ece80000,0x00000000ed980000)
 ParOldGen       total 65536K, used 15250K [0x00000000a1c00000, 0x00000000a5c00000, 0x00000000e0980000)
  object space 65536K, 23% used [0x00000000a1c00000,0x00000000a2ae4be8,0x00000000a5c00000)
 Metaspace       used 20611K, capacity 21200K, committed 21248K, reserved 1069056K
  class space    used 2386K, capacity 2544K, committed 2560K, reserved 1048576K
}
Event: 2.254 GC heap before
{Heap before GC invocations=8 (full 1):
 PSYoungGen      total 106496K, used 7698K [0x00000000e0980000, 0x00000000ed980000, 0x0000000100000000)
  eden space 95232K, 0% used [0x00000000e0980000,0x00000000e0980000,0x00000000e6680000)
  from space 11264K, 68% used [0x00000000e6680000,0x00000000e6e04998,0x00000000e7180000)
  to   space 11264K, 0% used [0x00000000ece80000,0x00000000ece80000,0x00000000ed980000)
 ParOldGen       total 65536K, used 15250K [0x00000000a1c00000, 0x00000000a5c00000, 0x00000000e0980000)
  object space 65536K, 23% used [0x00000000a1c00000,0x00000000a2ae4be8,0x00000000a5c00000)
 Metaspace       used 20611K, capacity 21200K, committed 21248K, reserved 1069056K
  class space    used 2386K, capacity 2544K, committed 2560K, reserved 1048576K
Event: 2.368 GC heap after
Heap after GC invocations=8 (full 1):
 PSYoungGen      total 106496K, used 0K [0x00000000e0980000, 0x00000000ed980000, 0x0000000100000000)
  eden space 95232K, 0% used [0x00000000e0980000,0x00000000e0980000,0x00000000e6680000)
  from space 11264K, 0% used [0x00000000e6680000,0x00000000e6680000,0x00000000e7180000)
  to   space 11264K, 0% used [0x00000000ece80000,0x00000000ece80000,0x00000000ed980000)
 ParOldGen       total 62976K, used 20437K [0x00000000a1c00000, 0x00000000a5980000, 0x00000000e0980000)
  object space 62976K, 32% used [0x00000000a1c00000,0x00000000a2ff57b0,0x00000000a5980000)
 Metaspace       used 20611K, capacity 21200K, committed 21248K, reserved 1069056K
  class space    used 2386K, capacity 2544K, committed 2560K, reserved 1048576K
}
Event: 2.903 GC heap before
{Heap before GC invocations=9 (full 1):
 PSYoungGen      total 106496K, used 95232K [0x00000000e0980000, 0x00000000ed980000, 0x0000000100000000)
  eden space 95232K, 100% used [0x00000000e0980000,0x00000000e6680000,0x00000000e6680000)
  from space 11264K, 0% used [0x00000000e6680000,0x00000000e6680000,0x00000000e7180000)
  to   space 11264K, 0% used [0x00000000ece80000,0x00000000ece80000,0x00000000ed980000)
 ParOldGen       total 62976K, used 20437K [0x00000000a1c00000, 0x00000000a5980000, 0x00000000e0980000)
  object space 62976K, 32% used [0x00000000a1c00000,0x00000000a2ff57b0,0x00000000a5980000)
 Metaspace       used 22574K, capacity 23182K, committed 23296K, reserved 1069056K
  class space    used 2604K, capacity 2766K, committed 2816K, reserved 1048576K
Event: 2.921 GC heap after
Heap after GC invocations=9 (full 1):
 PSYoungGen      total 148480K, used 11236K [0x00000000e0980000, 0x00000000ed980000, 0x0000000100000000)
  eden space 137216K, 0% used [0x00000000e0980000,0x00000000e0980000,0x00000000e8f80000)
  from space 11264K, 99% used [0x00000000ece80000,0x00000000ed979100,0x00000000ed980000)
  to   space 14848K, 0% used [0x00000000ebc80000,0x00000000ebc80000,0x00000000ecb00000)
 ParOldGen       total 62976K, used 26006K [0x00000000a1c00000, 0x00000000a5980000, 0x00000000e0980000)
  object space 62976K, 41% used [0x00000000a1c00000,0x00000000a3565bc8,0x00000000a5980000)
 Metaspace       used 22574K, capacity 23182K, committed 23296K, reserved 1069056K
  class space    used 2604K, capacity 2766K, committed 2816K, reserved 1048576K
}
Event: 3.328 GC heap before
{Heap before GC invocations=10 (full 1):
 PSYoungGen      total 148480K, used 148452K [0x00000000e0980000, 0x00000000ed980000, 0x0000000100000000)
  eden space 137216K, 100% used [0x00000000e0980000,0x00000000e8f80000,0x00000000e8f80000)
  from space 11264K, 99% used [0x00000000ece80000,0x00000000ed979100,0x00000000ed980000)
  to   space 14848K, 0% used [0x00000000ebc80000,0x00000000ebc80000,0x00000000ecb00000)
 ParOldGen       total 62976K, used 26006K [0x00000000a1c00000, 0x00000000a5980000, 0x00000000e0980000)
  object space 62976K, 41% used [0x00000000a1c00000,0x00000000a3565bc8,0x00000000a5980000)
 Metaspace       used 22591K, capacity 23246K, committed 23296K, reserved 1069056K
  class space    used 2605K, capacity 2766K, committed 2816K, reserved 1048576K
Event: 3.347 GC heap after
Heap after GC invocations=10 (full 1):
 PSYoungGen      total 189440K, used 14824K [0x00000000e0980000, 0x00000000ee100000, 0x0000000100000000)
  eden space 174592K, 0% used [0x00000000e0980000,0x00000000e0980000,0x00000000eb400000)
  from space 14848K, 99% used [0x00000000ebc80000,0x00000000ecafa0f0,0x00000000ecb00000)
  to   space 22528K, 0% used [0x00000000ecb00000,0x00000000ecb00000,0x00000000ee100000)
 ParOldGen       total 62976K, used 41375K [0x00000000a1c00000, 0x00000000a5980000, 0x00000000e0980000)
  object space 62976K, 65% used [0x00000000a1c00000,0x00000000a4467e50,0x00000000a5980000)
 Metaspace       used 22591K, capacity 23246K, committed 23296K, reserved 1069056K
  class space    used 2605K, capacity 2766K, committed 2816K, reserved 1048576K
}

