# JRE version: Java(TM) SE Runtime Environment (8.0_231-b11) (build 1.8.0_231-b11)
# Java VM: Java HotSpot(TM) 64-Bit Server VM (25.231-b11 mixed mode windows-amd64 compressed oops)
Heap:
 PSYoungGen      total 76288K, used 72752K [0x00000000f5580000, 0x00000000fdb80000, 0x0000000100000000)
  eden space 65536K, 98% used [0x00000000f5580000,0x00000000f947ec08,0x00000000f9580000)
  from space 10752K, 76% used [0x00000000f9580000,0x00000000f9d8d668,0x00000000fa000000)
  to   space 12288K, 0% used [0x00000000fcf80000,0x00000000fcf80000,0x00000000fdb80000)
 ParOldGen       total 175104K, used 6829K [0x00000000e0000000, 0x00000000eab00000, 0x00000000f5580000)
  object space 175104K, 3% used [0x00000000e0000000,0x00000000e06ab5e0,0x00000000eab00000)
 Metaspace       used 33270K, capacity 34376K, committed 34688K, reserved 1081344K
  class space    used 4650K, capacity 4912K, committed 4992K, reserved 1048576K
GC Heap History (10 events):
Event: 3.183 GC heap before
{Heap before GC invocations=2 (full 0):
 PSYoungGen      total 76288K, used 70981K [0x00000000f5580000, 0x00000000faa80000, 0x0000000100000000)
  eden space 65536K, 99% used [0x00000000f5580000,0x00000000f952f378,0x00000000f9580000)
  from space 10752K, 53% used [0x00000000f9580000,0x00000000f9b22378,0x00000000fa000000)
  to   space 10752K, 0% used [0x00000000fa000000,0x00000000fa000000,0x00000000faa80000)
 ParOldGen       total 175104K, used 16K [0x00000000e0000000, 0x00000000eab00000, 0x00000000f5580000)
  object space 175104K, 0% used [0x00000000e0000000,0x00000000e0004000,0x00000000eab00000)
 Metaspace       used 14564K, capacity 15104K, committed 15232K, reserved 1062912K
  class space    used 2034K, capacity 2156K, committed 2176K, reserved 1048576K
Event: 3.192 GC heap after
Heap after GC invocations=2 (full 0):
 PSYoungGen      total 76288K, used 9371K [0x00000000f5580000, 0x00000000faa80000, 0x0000000100000000)
  eden space 65536K, 0% used [0x00000000f5580000,0x00000000f5580000,0x00000000f9580000)
  from space 10752K, 87% used [0x00000000fa000000,0x00000000fa926ef0,0x00000000faa80000)
  to   space 10752K, 0% used [0x00000000f9580000,0x00000000f9580000,0x00000000fa000000)
 ParOldGen       total 175104K, used 24K [0x00000000e0000000, 0x00000000eab00000, 0x00000000f5580000)
  object space 175104K, 0% used [0x00000000e0000000,0x00000000e0006000,0x00000000eab00000)
 Metaspace       used 14564K, capacity 15104K, committed 15232K, reserved 1062912K
  class space    used 2034K, capacity 2156K, committed 2176K, reserved 1048576K
}
Event: 4.247 GC heap before
{Heap before GC invocations=3 (full 0):
 PSYoungGen      total 76288K, used 74907K [0x00000000f5580000, 0x00000000faa80000, 0x0000000100000000)
  eden space 65536K, 100% used [0x00000000f5580000,0x00000000f9580000,0x00000000f9580000)
  from space 10752K, 87% used [0x00000000fa000000,0x00000000fa926ef0,0x00000000faa80000)
  to   space 10752K, 0% used [0x00000000f9580000,0x00000000f9580000,0x00000000fa000000)
 ParOldGen       total 175104K, used 24K [0x00000000e0000000, 0x00000000eab00000, 0x00000000f5580000)
  object space 175104K, 0% used [0x00000000e0000000,0x00000000e0006000,0x00000000eab00000)
 Metaspace       used 20326K, capacity 21074K, committed 21296K, reserved 1067008K
  class space    used 2898K, capacity 3111K, committed 3200K, reserved 1048576K
Event: 4.258 GC heap after
Heap after GC invocations=3 (full 0):
 PSYoungGen      total 76288K, used 10720K [0x00000000f5580000, 0x00000000faa80000, 0x0000000100000000)
  eden space 65536K, 0% used [0x00000000f5580000,0x00000000f5580000,0x00000000f9580000)
  from space 10752K, 99% used [0x00000000f9580000,0x00000000f9ff81f0,0x00000000fa000000)
  to   space 10752K, 0% used [0x00000000fa000000,0x00000000fa000000,0x00000000faa80000)
 ParOldGen       total 175104K, used 933K [0x00000000e0000000, 0x00000000eab00000, 0x00000000f5580000)
  object space 175104K, 0% used [0x00000000e0000000,0x00000000e00e97c8,0x00000000eab00000)
 Metaspace       used 20326K, capacity 21074K, committed 21296K, reserved 1067008K
  class space    used 2898K, capacity 3111K, committed 3200K, reserved 1048576K
}
Event: 4.337 GC heap before
{Heap before GC invocations=4 (full 0):
 PSYoungGen      total 76288K, used 16832K [0x00000000f5580000, 0x00000000faa80000, 0x0000000100000000)
  eden space 65536K, 9% used [0x00000000f5580000,0x00000000f5b78060,0x00000000f9580000)
  from space 10752K, 99% used [0x00000000f9580000,0x00000000f9ff81f0,0x00000000fa000000)
  to   space 10752K, 0% used [0x00000000fa000000,0x00000000fa000000,0x00000000faa80000)
 ParOldGen       total 175104K, used 933K [0x00000000e0000000, 0x00000000eab00000, 0x00000000f5580000)
  object space 175104K, 0% used [0x00000000e0000000,0x00000000e00e97c8,0x00000000eab00000)
 Metaspace       used 20528K, capacity 21234K, committed 21296K, reserved 1067008K
  class space    used 2933K, capacity 3143K, committed 3200K, reserved 1048576K
Event: 4.345 GC heap after
Heap after GC invocations=4 (full 0):
 PSYoungGen      total 76288K, used 6948K [0x00000000f5580000, 0x00000000faa80000, 0x0000000100000000)
  eden space 65536K, 0% used [0x00000000f5580000,0x00000000f5580000,0x00000000f9580000)
  from space 10752K, 64% used [0x00000000fa000000,0x00000000fa6c9050,0x00000000faa80000)
  to   space 10752K, 0% used [0x00000000f9580000,0x00000000f9580000,0x00000000fa000000)
 ParOldGen       total 175104K, used 941K [0x00000000e0000000, 0x00000000eab00000, 0x00000000f5580000)
  object space 175104K, 0% used [0x00000000e0000000,0x00000000e00eb7c8,0x00000000eab00000)
 Metaspace       used 20528K, capacity 21234K, committed 21296K, reserved 1067008K
  class space    used 2933K, capacity 3143K, committed 3200K, reserved 1048576K
}
Event: 4.345 GC heap before
{Heap before GC invocations=5 (full 1):
 PSYoungGen      total 76288K, used 6948K [0x00000000f5580000, 0x00000000faa80000, 0x0000000100000000)
  eden space 65536K, 0% used [0x00000000f5580000,0x00000000f5580000,0x00000000f9580000)
  from space 10752K, 64% used [0x00000000fa000000,0x00000000fa6c9050,0x00000000faa80000)
  to   space 10752K, 0% used [0x00000000f9580000,0x00000000f9580000,0x00000000fa000000)
 ParOldGen       total 175104K, used 941K [0x00000000e0000000, 0x00000000eab00000, 0x00000000f5580000)
  object space 175104K, 0% used [0x00000000e0000000,0x00000000e00eb7c8,0x00000000eab00000)
 Metaspace       used 20528K, capacity 21234K, committed 21296K, reserved 1067008K
  class space    used 2933K, capacity 3143K, committed 3200K, reserved 1048576K
Event: 4.380 GC heap after
Heap after GC invocations=5 (full 1):
 PSYoungGen      total 76288K, used 0K [0x00000000f5580000, 0x00000000faa80000, 0x0000000100000000)
  eden space 65536K, 0% used [0x00000000f5580000,0x00000000f5580000,0x00000000f9580000)
  from space 10752K, 0% used [0x00000000fa000000,0x00000000fa000000,0x00000000faa80000)
  to   space 10752K, 0% used [0x00000000f9580000,0x00000000f9580000,0x00000000fa000000)
 ParOldGen       total 175104K, used 6821K [0x00000000e0000000, 0x00000000eab00000, 0x00000000f5580000)
  object space 175104K, 3% used [0x00000000e0000000,0x00000000e06a95e0,0x00000000eab00000)
 Metaspace       used 20528K, capacity 21234K, committed 21296K, reserved 1067008K
  class space    used 2933K, capacity 3143K, committed 3200K, reserved 1048576K
}
Event: 5.412 GC heap before
{Heap before GC invocations=6 (full 1):
 PSYoungGen      total 76288K, used 65536K [0x00000000f5580000, 0x00000000faa80000, 0x0000000100000000)
  eden space 65536K, 100% used [0x00000000f5580000,0x00000000f9580000,0x00000000f9580000)
  from space 10752K, 0% used [0x00000000fa000000,0x00000000fa000000,0x00000000faa80000)
  to   space 10752K, 0% used [0x00000000f9580000,0x00000000f9580000,0x00000000fa000000)
 ParOldGen       total 175104K, used 6821K [0x00000000e0000000, 0x00000000eab00000, 0x00000000f5580000)
  object space 175104K, 3% used [0x00000000e0000000,0x00000000e06a95e0,0x00000000eab00000)
 Metaspace       used 28626K, capacity 29608K, committed 29952K, reserved 1075200K
  class space    used 4055K, capacity 4286K, committed 4352K, reserved 1048576K
Event: 5.419 GC heap after
Heap after GC invocations=6 (full 1):
 PSYoungGen      total 76288K, used 8245K [0x00000000f5580000, 0x00000000fdb80000, 0x0000000100000000)
  eden space 65536K, 0% used [0x00000000f5580000,0x00000000f5580000,0x00000000f9580000)
  from space 10752K, 76% used [0x00000000f9580000,0x00000000f9d8d668,0x00000000fa000000)
  to   space 12288K, 0% used [0x00000000fcf80000,0x00000000fcf80000,0x00000000fdb80000)
 ParOldGen       total 175104K, used 6829K [0x00000000e0000000, 0x00000000eab00000, 0x00000000f5580000)
  object space 175104K, 3% used [0x00000000e0000000,0x00000000e06ab5e0,0x00000000eab00000)
 Metaspace       used 28626K, capacity 29608K, committed 29952K, reserved 1075200K
  class space    used 4055K, capacity 4286K, committed 4352K, reserved 1048576K
}

